sample/platforms/android/app/build/intermediates/manifest_merge_blame_file/debug/manifest-merger-blame-debug-report.txt
1<?xml version="1.0" encoding="utf-8"?>
2<manifest xmlns:android="http://schemas.android.com/apk/res/android"
3    package="org.nativescript.sample"
4    android:versionCode="1"
5    android:versionName="1.0.0" >
6
7    <uses-sdk
8        android:minSdkVersion="17"
8-->src\main\AndroidManifest.xml
9        android:targetSdkVersion="33" />
9-->src\main\AndroidManifest.xml
10
11    <supports-screens
11-->src\main\AndroidManifest.xml:5:2-9:33
12        android:largeScreens="true"
12-->src\main\AndroidManifest.xml:8:3-30
13        android:normalScreens="true"
13-->src\main\AndroidManifest.xml:7:3-31
14        android:smallScreens="true"
14-->src\main\AndroidManifest.xml:6:3-30
15        android:xlargeScreens="true" />
15-->src\main\AndroidManifest.xml:9:3-31
16
17    <uses-permission
17-->src\main\AndroidManifest.xml:11:2-76
18        android:name="android.permission.READ_EXTERNAL_STORAGE"
18-->src\main\AndroidManifest.xml:11:19-74
19        android:maxSdkVersion="28" />
19-->[:widgets-release:] AndroidManifest.xml:11:9-35
20    <uses-permission
20-->src\main\AndroidManifest.xml:12:2-77
21        android:name="android.permission.WRITE_EXTERNAL_STORAGE"
21-->src\main\AndroidManifest.xml:12:19-75
22        android:maxSdkVersion="28" />
22-->[:widgets-release:] AndroidManifest.xml:14:9-35
23    <uses-permission android:name="android.permission.INTERNET" />
23-->src\main\AndroidManifest.xml:13:2-63
23-->src\main\AndroidManifest.xml:13:19-61
24    <uses-permission android:name="android.permission.ACCESS_NETWORK_STATE" />
24-->src\main\AndroidManifest.xml:14:2-75
24-->src\main\AndroidManifest.xml:14:19-73
25
26    <application
26-->src\main\AndroidManifest.xml:16:2-41:16
27        android:name="com.tns.NativeScriptApplication"
27-->src\main\AndroidManifest.xml:17:3-49
28        android:allowBackup="true"
28-->src\main\AndroidManifest.xml:18:3-29
29        android:appComponentFactory="androidx.core.app.CoreComponentFactory"
29-->[androidx.core:core:1.8.0] AndroidManifest.xml:24:18-86
30        android:debuggable="true"
31        android:hardwareAccelerated="true"
31-->src\main\AndroidManifest.xml:22:3-37
32        android:icon="@mipmap/ic_launcher"
32-->src\main\AndroidManifest.xml:19:3-37
33        android:label="@string/app_name"
33-->src\main\AndroidManifest.xml:20:3-35
34        android:theme="@style/AppTheme" >
34-->src\main\AndroidManifest.xml:21:3-34
35        <activity
35-->src\main\AndroidManifest.xml:24:3-39:14
36            android:name="com.tns.NativeScriptActivity"
36-->src\main\AndroidManifest.xml:25:4-47
37            android:configChanges="keyboard|keyboardHidden|orientation|screenSize|smallestScreenSize|screenLayout|locale|uiMode"
37-->src\main\AndroidManifest.xml:27:4-120
38            android:exported="true"
38-->src\main\AndroidManifest.xml:31:4-27
39            android:hardwareAccelerated="true"
39-->src\main\AndroidManifest.xml:29:4-38
40            android:label="@string/title_activity_kimera"
40-->src\main\AndroidManifest.xml:26:4-49
41            android:launchMode="singleTask"
41-->src\main\AndroidManifest.xml:30:9-40
42            android:theme="@style/LaunchScreenTheme" >
42-->src\main\AndroidManifest.xml:28:4-44
43            <meta-data
43-->src\main\AndroidManifest.xml:33:4-87
44                android:name="SET_THEME_ON_LAUNCH"
44-->src\main\AndroidManifest.xml:33:15-49
45                android:resource="@style/AppTheme" />
45-->src\main\AndroidManifest.xml:33:50-84
46
47            <intent-filter>
47-->src\main\AndroidManifest.xml:35:4-38:20
48                <action android:name="android.intent.action.MAIN" />
48-->src\main\AndroidManifest.xml:36:5-57
48-->src\main\AndroidManifest.xml:36:13-54
49
50                <category android:name="android.intent.category.LAUNCHER" />
50-->src\main\AndroidManifest.xml:37:5-65
50-->src\main\AndroidManifest.xml:37:15-62
51            </intent-filter>
52        </activity>
53        <activity android:name="com.tns.ErrorReportActivity" />
53-->src\main\AndroidManifest.xml:40:3-57
53-->src\main\AndroidManifest.xml:40:13-55
54
55        <provider
55-->[androidx.emoji2:emoji2:1.2.0] AndroidManifest.xml:24:9-32:20
56            android:name="androidx.startup.InitializationProvider"
56-->[androidx.emoji2:emoji2:1.2.0] AndroidManifest.xml:25:13-67
57            android:authorities="org.nativescript.sample.androidx-startup"
57-->[androidx.emoji2:emoji2:1.2.0] AndroidManifest.xml:26:13-68
58            android:exported="false" >
58-->[androidx.emoji2:emoji2:1.2.0] AndroidManifest.xml:27:13-37
59            <meta-data
59-->[androidx.emoji2:emoji2:1.2.0] AndroidManifest.xml:29:13-31:52
60                android:name="androidx.emoji2.text.EmojiCompatInitializer"
60-->[androidx.emoji2:emoji2:1.2.0] AndroidManifest.xml:30:17-75
61                android:value="androidx.startup" />
61-->[androidx.emoji2:emoji2:1.2.0] AndroidManifest.xml:31:17-49
62            <meta-data
62-->[androidx.lifecycle:lifecycle-process:2.4.1] AndroidManifest.xml:31:13-33:52
63                android:name="androidx.lifecycle.ProcessLifecycleInitializer"
63-->[androidx.lifecycle:lifecycle-process:2.4.1] AndroidManifest.xml:32:17-78
64                android:value="androidx.startup" />
64-->[androidx.lifecycle:lifecycle-process:2.4.1] AndroidManifest.xml:33:17-49
65        </provider>
66    </application>
67
68</manifest>